<?xml version="1.0" encoding="UTF-8"?>
<!-- Generated by org.testng.reporters.JUnitXMLReporter -->
<testsuite hostname="Priya-LAPTOP-1TGV3P3L" ignored="0" name="Default test" tests="4" failures="0" timestamp="2023-03-16T15:14:18 IST" time="44.604" errors="0">
  <testcase name="Homepage" time="3.323" classname="testScripts.DemoBlazeRunTest"/>
  <testcase name="multiItems" time="9.165" classname="testScripts.DemoBlazeRunTest"/>
  <testcase name="multiItems" time="9.333" classname="testScripts.DemoBlazeRunTest"/>
  <testcase name="CartList" time="13.909" classname="testScripts.DemoBlazeRunTest"/>
</testsuite> <!-- Default test -->
