<?xml version="1.0" encoding="UTF-8"?>
<testng-results skipped="0" failed="0" ignored="0" total="6" passed="6">
  <reporter-output>
  </reporter-output>
  <suite name="Default suite" duration-ms="40410" started-at="2023-03-15T12:40:20 IST" finished-at="2023-03-15T12:41:00 IST">
    <groups>
    </groups>
    <test name="Default test" duration-ms="40410" started-at="2023-03-15T12:40:20 IST" finished-at="2023-03-15T12:41:00 IST">
      <class name="testScripts.DemoBlazeRunTest">
        <test-method status="PASS" signature="setup()[pri:0, instance:testScripts.DemoBlazeRunTest@5c18298f]" name="setup" is-config="true" duration-ms="9252" started-at="2023-03-15T12:40:20 IST" finished-at="2023-03-15T12:40:29 IST">
          <reporter-output>
          </reporter-output>
        </test-method> <!-- setup -->
        <test-method status="PASS" signature="userloginTest()[pri:1, instance:testScripts.DemoBlazeRunTest@5c18298f]" name="userloginTest" duration-ms="514" started-at="2023-03-15T12:40:29 IST" finished-at="2023-03-15T12:40:30 IST">
          <reporter-output>
          </reporter-output>
        </test-method> <!-- userloginTest -->
        <test-method status="PASS" signature="selectItems(java.lang.String)[pri:2, instance:testScripts.DemoBlazeRunTest@5c18298f]" name="selectItems" duration-ms="10196" started-at="2023-03-15T12:40:30 IST" data-provider="data" finished-at="2023-03-15T12:40:40 IST">
          <params>
            <param index="0">
              <value>
                <![CDATA[HTC One M9]]>
              </value>
            </param>
          </params>
          <reporter-output>
          </reporter-output>
        </test-method> <!-- selectItems -->
        <test-method status="PASS" signature="selectItems(java.lang.String)[pri:2, instance:testScripts.DemoBlazeRunTest@5c18298f]" name="selectItems" duration-ms="10771" started-at="2023-03-15T12:40:40 IST" data-provider="data" finished-at="2023-03-15T12:40:51 IST">
          <params>
            <param index="0">
              <value>
                <![CDATA[Samsung galaxy s6]]>
              </value>
            </param>
          </params>
          <reporter-output>
          </reporter-output>
        </test-method> <!-- selectItems -->
        <test-method status="PASS" signature="ViewCart()[pri:3, instance:testScripts.DemoBlazeRunTest@5c18298f]" name="ViewCart" duration-ms="2587" started-at="2023-03-15T12:40:51 IST" finished-at="2023-03-15T12:40:53 IST">
          <reporter-output>
          </reporter-output>
        </test-method> <!-- ViewCart -->
        <test-method status="PASS" signature="delete()[pri:4, instance:testScripts.DemoBlazeRunTest@5c18298f]" name="delete" duration-ms="129" started-at="2023-03-15T12:40:53 IST" depends-on-methods="testScripts.DemoBlazeRunTest.ViewCart" finished-at="2023-03-15T12:40:53 IST">
          <reporter-output>
          </reporter-output>
        </test-method> <!-- delete -->
        <test-method status="PASS" signature="PlaceOrder()[pri:5, instance:testScripts.DemoBlazeRunTest@5c18298f]" name="PlaceOrder" duration-ms="6877" started-at="2023-03-15T12:40:53 IST" finished-at="2023-03-15T12:41:00 IST">
          <reporter-output>
          </reporter-output>
        </test-method> <!-- PlaceOrder -->
      </class> <!-- testScripts.DemoBlazeRunTest -->
    </test> <!-- Default test -->
  </suite> <!-- Default suite -->
</testng-results>
